<?xml version="1.0" encoding="UTF-8" ?>
<testsuite errors="1" failures="0" hostname="PC248889" name="FactTest1" skipped="0" tests="1" time="0.0" timestamp="2017-07-26T06:00:45">
  <properties>
    <property name="java.vendor" value="Oracle Corporation" />
    <property name="sun.java.launcher" value="SUN_STANDARD" />
    <property name="sonar.projectName" value="Factnew" />
    <property name="eclipse.pdebuild.templates" value="/D:/EclipseK/eclipse/plugins/org.eclipse.pde.build_3.8.100.v20130514-1028/templates/" />
    <property name="sonar.java.binaries" value="D:\EclipseK\Project\FactNew\build\classes" />
    <property name="sun.management.compiler" value="HotSpot 64-Bit Tiered Compilers" />
    <property name="os.name" value="Windows 7" />
    <property name="sonar.jacoco.reportPath" value="D:\EclipseK\Project\FactNew\report/jacoco/jacoco.exec" />
    <property name="sun.boot.class.path" value="C:\Program Files\Java\jre1.8.0_91\lib\resources.jar;C:\Program Files\Java\jre1.8.0_91\lib\rt.jar;C:\Program Files\Java\jre1.8.0_91\lib\sunrsasign.jar;C:\Program Files\Java\jre1.8.0_91\lib\jsse.jar;C:\Program Files\Java\jre1.8.0_91\lib\jce.jar;C:\Program Files\Java\jre1.8.0_91\lib\charsets.jar;C:\Program Files\Java\jre1.8.0_91\lib\jfr.jar;C:\Program Files\Java\jre1.8.0_91\classes" />
    <property name="sun.desktop" value="windows" />
    <property name="java.vm.specification.vendor" value="Oracle Corporation" />
    <property name="ant.home" value="D:\apache-ant-1.9.4" />
    <property name="sonar.projectVersion" value="1.0" />
    <property name="java.runtime.version" value="1.8.0_91-b14" />
    <property name="user.name" value="514359" />
    <property name="build.dir" value="D:\EclipseK\Project\FactNew\build\classes" />
    <property name="user.language" value="en" />
    <property name="sun.boot.library.path" value="C:\Program Files\Java\jre1.8.0_91\bin" />
    <property name="ant.project.default-target" value="sonar" />
    <property name="ant.project.name" value="FactNew.java" />
    <property name="reports.junit.xml.dir" value="D:\EclipseK\Project\FactNew\report\junit" />
    <property name="java.version" value="1.8.0_91" />
    <property name="user.timezone" value="" />
    <property name="sun.arch.data.model" value="64" />
    <property name="sonar.host.url" value="http://10.219.17.177:9000" />
    <property name="java.endorsed.dirs" value="C:\Program Files\Java\jre1.8.0_91\lib\endorsed" />
    <property name="sun.cpu.isalist" value="amd64" />
    <property name="sun.jnu.encoding" value="Cp1252" />
    <property name="file.encoding.pkg" value="sun.io" />
    <property name="file.separator" value="\" />
    <property name="java.specification.name" value="Java Platform API Specification" />
    <property name="sonar.sources" value="D:\EclipseK\Project\FactNew\src" />
    <property name="java.class.version" value="52.0" />
    <property name="user.country" value="US" />
    <property name="java.home" value="C:\Program Files\Java\jre1.8.0_91" />
    <property name="java.vm.info" value="mixed mode" />
    <property name="ant.file" value="D:\EclipseK\Project\FactNew\build.xml" />
    <property name="os.version" value="6.1" />
    <property name="path.separator" value=";" />
    <property name="java.vm.version" value="25.91-b14" />
    <property name="report.dir" value="D:\EclipseK\Project\FactNew\report" />
    <property name="user.variant" value="" />
    <property name="ant.library.dir" value="D:\apache-ant-1.9.4\lib" />
    <property name="java.awt.printerjob" value="sun.awt.windows.WPrinterJob" />
    <property name="ant.file.FactNew.java" value="D:\EclipseK\Project\FactNew\build.xml" />
    <property name="sun.io.unicode.encoding" value="UnicodeLittle" />
    <property name="awt.toolkit" value="sun.awt.windows.WToolkit" />
    <property name="ant.file.type.FactNew.java" value="file" />
    <property name="_jacoco.agentFile" value="C:\Users\514359\AppData\Local\Temp\jacocoagent871446575627263710.jar" />
    <property name="user.script" value="" />
    <property name="eclipse.pdebuild.scripts" value="/D:/EclipseK/eclipse/plugins/org.eclipse.pde.build_3.8.100.v20130514-1028/scripts/" />
    <property name="user.home" value="C:\Users\514359" />
    <property name="java.specification.vendor" value="Oracle Corporation" />
    <property name="java.library.path" value="C:\Program Files\Java\jre1.8.0_91\bin;C:\WINDOWS\Sun\Java\bin;C:\WINDOWS\system32;C:\WINDOWS;C:/Program Files/Java/jre1.8.0_91/bin/server;C:/Program Files/Java/jre1.8.0_91/bin;C:/Program Files/Java/jre1.8.0_91/lib/amd64;C:\Windows\System32\WindowsPowerShell\v1.0;C:\Windows\System32;C:\ProgramData\Oracle\Java\javapath;C:\Progra~1\Java\jdk1.8.0_91\bin;D:\apache-ant-1.9.4\bin;D:\apache-maven-3.1.1\bin;C:\Program Files\Git\cmd;C:\Atlassian\Bitbucket\4.12.1\bin;D:\NodeJs\;D:\Development_Avecto\sonar-runner-2.4\bin;D:\Development_Avecto\SonarQube5.6.1\sonarqube-5.6.1\bin;D:\Development_Avecto\sonar-scanner-2.6\bin;D:\Development_Avecto\jfrog-artifactory-oss-5.4.3 (1)\artifactory-oss-5.4.3\bin;;C:\Program Files\Docker Toolbox;C:\Users\514359\AppData\Roaming\npm;D:\EclipseK\eclipse;;." />
    <property name="sonar.junit.reportsPath" value="D:\EclipseK\Project\FactNew\report\junit" />
    <property name="java.vendor.url" value="http://java.oracle.com/" />
    <property name="java.vm.vendor" value="Oracle Corporation" />
    <property name="java.runtime.name" value="Java(TM) SE Runtime Environment" />
    <property name="sun.java.command" value="org.apache.tools.ant.taskdefs.optional.junit.JUnitTestRunner FactTest1 skipNonTests=false filtertrace=true haltOnError=false haltOnFailure=true formatter=org.apache.tools.ant.taskdefs.optional.junit.SummaryJUnitResultFormatter showoutput=false outputtoformatters=true logfailedtests=true threadid=0 logtestlistenerevents=false formatter=org.apache.tools.ant.taskdefs.optional.junit.XMLJUnitResultFormatter,D:\EclipseK\Project\FactNew\report\junit\TEST-FactTest1.xml crashfile=D:\EclipseK\Project\FactNew\junitvmwatcher2514786337323080825.properties propsfile=D:\EclipseK\Project\FactNew\junit6784353595232705003.properties" />
    <property name="java.class.path" value="D:\EclipseK\eclipse\plugins\org.junit_4.11.0.v201303080030\junit.jar;D:\EclipseK\Project\FactNew\build\classes;D:\apache-ant-1.9.4\lib\ant-launcher.jar;D:\apache-ant-1.9.4\lib\ant.jar;D:\apache-ant-1.9.4\lib\ant-junit.jar;D:\apache-ant-1.9.4\lib\ant-junit4.jar;C:\Users\514359\AppData\Local\Temp\jacocoagent871446575627263710.jar" />
    <property name="ant.version" value="Apache Ant(TM) version 1.9.4 compiled on April 29 2014" />
    <property name="java.vm.specification.name" value="Java Virtual Machine Specification" />
    <property name="java.vm.specification.version" value="1.8" />
    <property name="sun.cpu.endian" value="little" />
    <property name="sun.os.patch.level" value="Service Pack 1" />
    <property name="eclipse.pdebuild.home" value="/D:/EclipseK/eclipse/plugins/org.eclipse.pde.build_3.8.100.v20130514-1028/./" />
    <property name="java.io.tmpdir" value="C:\Users\514359\AppData\Local\Temp\" />
    <property name="java.vendor.url.bug" value="http://bugreport.sun.com/bugreport/" />
    <property name="os.arch" value="amd64" />
    <property name="java.awt.graphicsenv" value="sun.awt.Win32GraphicsEnvironment" />
    <property name="java.ext.dirs" value="C:\Program Files\Java\jre1.8.0_91\lib\ext;C:\WINDOWS\Sun\Java\lib\ext" />
    <property name="user.dir" value="D:\EclipseK\Project\FactNew" />
    <property name="sonar.java.coveragePlugin" value="jacoco" />
    <property name="line.separator" value="&#xd;&#xa;" />
    <property name="java.vm.name" value="Java HotSpot(TM) 64-Bit Server VM" />
    <property name="basedir" value="D:\EclipseK\Project\FactNew" />
    <property name="ant.java.version" value="1.8" />
    <property name="ant.core.lib" value="D:\apache-ant-1.9.4\lib\ant.jar" />
    <property name="file.encoding" value="Cp1252" />
    <property name="sonar.java.libraries" value="lib/*.jar" />
    <property name="java.specification.version" value="1.8" />
    <property name="src.dir" value="D:\EclipseK\Project\FactNew\src" />
    <property name="ant.project.invoked-targets" value="sonar" />
    <property name="sonar.projectKey" value="prj_key:FactNew" />
  </properties>
  <error message="FactTest1" type="java.lang.ClassNotFoundException">java.lang.ClassNotFoundException: FactTest1
	at java.net.URLClassLoader.findClass(Unknown Source)
	at java.lang.ClassLoader.loadClass(Unknown Source)
	at sun.misc.Launcher$AppClassLoader.loadClass(Unknown Source)
	at java.lang.ClassLoader.loadClass(Unknown Source)
	at java.lang.Class.forName0(Native Method)
	at java.lang.Class.forName(Unknown Source)
</error>
  <system-out><![CDATA[]]></system-out>
  <system-err><![CDATA[]]></system-err>
</testsuite>
