<?xml version="1.1" encoding="UTF-8" ?>
<testsuite errors="1" failures="0" hostname="PC248889" name="FactTest1" skipped="0" tests="1" time="0.0" timestamp="2016-06-07T09:31:43">
  <properties>
    <property name="java.vendor" value="Oracle Corporation" />
    <property name="sun.java.launcher" value="SUN_STANDARD" />
    <property name="sonar.projectName" value="Factnew" />
    <property name="eclipse.pdebuild.templates" value="/D:/EclipseK/eclipse/plugins/org.eclipse.pde.build_3.8.100.v20130514-1028/templates/" />
    <property name="sonar.java.binaries" value="D:\EclipseK\Project\FactNew\build\classes" />
    <property name="sun.management.compiler" value="HotSpot 64-Bit Tiered Compilers" />
    <property name="os.name" value="Windows 7" />
    <property name="sonar.jacoco.reportPath" value="D:\EclipseK\Project\FactNew\test/jacoco.exec" />
    <property name="sun.boot.class.path" value="C:\Program Files\Java\jre1.8.0_91\lib\resources.jar;C:\Program Files\Java\jre1.8.0_91\lib\rt.jar;C:\Program Files\Java\jre1.8.0_91\lib\sunrsasign.jar;C:\Program Files\Java\jre1.8.0_91\lib\jsse.jar;C:\Program Files\Java\jre1.8.0_91\lib\jce.jar;C:\Program Files\Java\jre1.8.0_91\lib\charsets.jar;C:\Program Files\Java\jre1.8.0_91\lib\jfr.jar;C:\Program Files\Java\jre1.8.0_91\classes" />
    <property name="sun.desktop" value="windows" />
    <property name="java.vm.specification.vendor" value="Oracle Corporation" />
    <property name="ant.home" value="D:\apache-ant-1.9.4" />
    <property name="sonar.projectVersion" value="1.0" />
    <property name="java.runtime.version" value="1.8.0_91-b14" />
    <property name="test.report" value="D:\EclipseK\Project\FactNew\test" />
    <property name="user.name" value="514359" />
    <property name="build.dir" value="D:\EclipseK\Project\FactNew\build\classes" />
    <property name="user.language" value="en" />
    <property name="sun.boot.library.path" value="C:\Program Files\Java\jre1.8.0_91\bin" />
    <property name="ant.project.default-target" value="sonar" />
    <property name="ant.project.name" value="FactNew.java" />
    <property name="reports.junit.xml.dir" value="D:\EclipseK\Project\FactNew\build\classes\report\junit" />
    <property name="java.version" value="1.8.0_91" />
    <property name="user.timezone" value="" />
    <property name="sun.arch.data.model" value="64" />
    <property name="sonar.host.url" value="http://10.219.17.177:9000" />
    <property name="java.endorsed.dirs" value="C:\Program Files\Java\jre1.8.0_91\lib\endorsed" />
    <property name="sun.cpu.isalist" value="amd64" />
    <property name="sun.jnu.encoding" value="Cp1252" />
    <property name="file.encoding.pkg" value="sun.io" />
    <property name="file.separator" value="\" />
    <property name="java.specification.name" value="Java Platform API Specification" />
    <property name="sonar.sources" value="D:\EclipseK\Project\FactNew\src" />
    <property name="java.class.version" value="52.0" />
    <property name="user.country" value="US" />
    <property name="java.home" value="C:\Program Files\Java\jre1.8.0_91" />
    <property name="java.vm.info" value="mixed mode" />
    <property name="ant.file" value="D:\EclipseK\Project\FactNew\build.xml" />
    <property name="os.version" value="6.1" />
    <property name="path.separator" value=";" />
    <property name="java.vm.version" value="25.91-b14" />
    <property name="report.dir" value="D:\EclipseK\Project\FactNew\build\classes\report" />
    <property name="user.variant" value="" />
    <property name="ant.library.dir" value="D:\apache-ant-1.9.4\lib" />
    <property name="java.awt.printerjob" value="sun.awt.windows.WPrinterJob" />
    <property name="ant.file.FactNew.java" value="D:\EclipseK\Project\FactNew\build.xml" />
    <property name="sun.io.unicode.encoding" value="UnicodeLittle" />
    <property name="awt.toolkit" value="sun.awt.windows.WToolkit" />
    <property name="ant.file.type.FactNew.java" value="file" />
    <property name="_jacoco.agentFile" value="C:\Users\514359\AppData\Local\Temp\jacocoagent8575584760917109888.jar" />
    <property name="user.script" value="" />
    <property name="eclipse.pdebuild.scripts" value="/D:/EclipseK/eclipse/plugins/org.eclipse.pde.build_3.8.100.v20130514-1028/scripts/" />
    <property name="user.home" value="C:\Users\514359" />
    <property name="java.specification.vendor" value="Oracle Corporation" />
    <property name="java.library.path" value="C:\Program Files\Java\jre1.8.0_91\bin;C:\Windows\Sun\Java\bin;C:\Windows\system32;C:\Windows;C:/Program Files/Java/jre1.8.0_91/bin/server;C:/Program Files/Java/jre1.8.0_91/bin;C:/Program Files/Java/jre1.8.0_91/lib/amd64;C:\ProgramData\Oracle\Java\javapath;&#x9;C:\ProgramData\Oracle\Java\javapath;C:\Program Files\Common Files\Microsoft Shared\Windows Live;C:\Program Files (x86)\Common Files\Microsoft Shared\Windows Live;C:\Program Files (x86)\Intel\iCLS Client\;C:\Program Files\Intel\iCLS Client\;C:\Windows\system32;C:\Windows;C:\Windows\System32\Wbem;C:\Windows\System32\WindowsPowerShell\v1.0\;C:\Program Files\Intel\Intel(R) Management Engine Components\DAL;C:\Program Files\Intel\Intel(R) Management Engine Components\IPT;C:\Program Files (x86)\Intel\Intel(R) Management Engine Components\DAL;C:\Program Files\Apache\apache-ant-1.9.4\bin;C:\Program Files\Apache\apache-maven-3.2.3\bin;C:\Program Files\Apache\apache-tomcat-7.0.57\bin;C:\Program Files (x86)\Intel\Intel(R) Management Engine Components\IPT;D:\Program_Files\sonar\sonarqube-4.5.1\bin\windows-x86-64;C:\Program Files\TortoiseSVN\bin;C:\Program Files\Java\jdk1.7.0_79\bin;C:\Program Files (x86)\GitExtensions\;C:\Program Files\Microsoft\Web Platform Installer\;C:\Program Files (x86)\Microsoft ASP.NET\ASP.NET Web Pages\v1.0\;%CATALINA_HOME%\bin;C:\Program Files\SlikSvn\bin;C:\Users\472246\Downloads\javax.servlet.jsp.jar;D:\Softwares\Jars\Lib;D:\Program_Files\JBoss\windup-distribution-2.4.0.CR1\bin;D:\Program_Files\packer\packer_0.8.6_windows_amd64;D:\Program Files\cURL\bin;EXTRA_JAVA_PROPERTIES;C:\Program Files (x86)\Windows Live\Shared;D:\Softwares\Apache\gradle-2.11-all\gradle-2.11\bin;C:\Program Files\Apache\apache-groovy-sdk-2.4.5\groovy-2.4.5\bin;D:\Program_Files\MySQL\MySQL Server 5.5\bin;D:\sonar-runner-2.4\bin;D:\apache-tomcat-7.0.53\bin;D:\sonarqube-5.4\bin;C:\Program Files\Java\jdk1.8.0_31\bin;D:\apache-ant-1.9.4\bin;D:\SVNServer\bin;D:\apache-maven-3.1.1\bin;;D:\EclipseK\eclipse;;." />
    <property name="sonar.junit.reportsPath" value="D:\EclipseK\Project\FactNew\build\classes\report\junit" />
    <property name="java.vendor.url" value="http://java.oracle.com/" />
    <property name="java.vm.vendor" value="Oracle Corporation" />
    <property name="java.runtime.name" value="Java(TM) SE Runtime Environment" />
    <property name="sun.java.command" value="org.apache.tools.ant.taskdefs.optional.junit.JUnitTestRunner FactTest1 skipNonTests=false filtertrace=true haltOnError=false haltOnFailure=true formatter=org.apache.tools.ant.taskdefs.optional.junit.SummaryJUnitResultFormatter showoutput=false outputtoformatters=true logfailedtests=true threadid=0 logtestlistenerevents=false formatter=org.apache.tools.ant.taskdefs.optional.junit.XMLJUnitResultFormatter,D:\EclipseK\Project\FactNew\TEST-FactTest1.xml crashfile=D:\EclipseK\Project\FactNew\junitvmwatcher6351486125782521017.properties propsfile=D:\EclipseK\Project\FactNew\junit5180098209508631692.properties" />
    <property name="java.class.path" value="D:\EclipseK\eclipse\plugins\org.junit_4.11.0.v201303080030\junit.jar;D:\EclipseK\Project\FactNew\build\classes;D:\EclipseK\eclipse\plugins\lib\jacocoant.jar;D:\apache-ant-1.9.4\lib\ant-launcher.jar;D:\apache-ant-1.9.4\lib\ant.jar;D:\apache-ant-1.9.4\lib\ant-junit.jar;D:\apache-ant-1.9.4\lib\ant-junit4.jar;C:\Users\514359\AppData\Local\Temp\jacocoagent8575584760917109888.jar" />
    <property name="ant.version" value="Apache Ant(TM) version 1.9.4 compiled on April 29 2014" />
    <property name="java.vm.specification.name" value="Java Virtual Machine Specification" />
    <property name="java.vm.specification.version" value="1.8" />
    <property name="sun.cpu.endian" value="little" />
    <property name="sun.os.patch.level" value="Service Pack 1" />
    <property name="eclipse.pdebuild.home" value="/D:/EclipseK/eclipse/plugins/org.eclipse.pde.build_3.8.100.v20130514-1028/./" />
    <property name="java.io.tmpdir" value="C:\Users\514359\AppData\Local\Temp\" />
    <property name="java.vendor.url.bug" value="http://bugreport.sun.com/bugreport/" />
    <property name="os.arch" value="amd64" />
    <property name="java.awt.graphicsenv" value="sun.awt.Win32GraphicsEnvironment" />
    <property name="java.ext.dirs" value="C:\Program Files\Java\jre1.8.0_91\lib\ext;C:\Windows\Sun\Java\lib\ext" />
    <property name="user.dir" value="D:\EclipseK\Project\FactNew" />
    <property name="sonar.java.coveragePlugin" value="jacoco" />
    <property name="line.separator" value="&#xd;&#xa;" />
    <property name="java.vm.name" value="Java HotSpot(TM) 64-Bit Server VM" />
    <property name="basedir" value="D:\EclipseK\Project\FactNew" />
    <property name="ant.java.version" value="1.8" />
    <property name="ant.core.lib" value="D:\apache-ant-1.9.4\lib\ant.jar" />
    <property name="file.encoding" value="Cp1252" />
    <property name="sonar.java.libraries" value="lib/*.jar" />
    <property name="java.specification.version" value="1.8" />
    <property name="src.dir" value="D:\EclipseK\Project\FactNew\src" />
    <property name="ant.project.invoked-targets" value="sonar" />
    <property name="sonar.projectKey" value="prj_key:FactNew" />
  </properties>
  <error message="FactTest1" type="java.lang.ClassNotFoundException">java.lang.ClassNotFoundException: FactTest1
	at java.net.URLClassLoader.findClass(Unknown Source)
	at java.lang.ClassLoader.loadClass(Unknown Source)
	at sun.misc.Launcher$AppClassLoader.loadClass(Unknown Source)
	at java.lang.ClassLoader.loadClass(Unknown Source)
	at java.lang.Class.forName0(Native Method)
	at java.lang.Class.forName(Unknown Source)
</error>
  <system-out><![CDATA[]]></system-out>
  <system-err><![CDATA[]]></system-err>
</testsuite>
